<?xml version="1.0" encoding="UTF-8"?>
<!-- Generated by org.testng.reporters.JUnitReportReporter -->
<testsuite skipped="1" hostname="DESKTOP-CN3CBMR" name="testngpack.Testngexampl1" tests="3" failures="0" timestamp="30 Aug 2021 16:07:26 GMT" time="0.005" errors="0">
  <testcase name="login" time="0.002" classname="testngpack.Testngexampl1"/>
  <testcase name="compemail" time="0.003" classname="testngpack.Testngexampl1"/>
  <testcase name="delemail" classname="testngpack.Testngexampl1">
    <skipped/>
  </testcase> <!-- delemail -->
</testsuite> <!-- testngpack.Testngexampl1 -->
