<?xml version="1.0" encoding="UTF-8"?>
<!-- Generated by org.testng.reporters.JUnitReportReporter -->
<testsuite skipped="0" hostname="DESKTOP-CN3CBMR" name="testngpack.Testngexampl2" tests="2" failures="0" timestamp="30 Aug 2021 16:07:26 GMT" time="27.282" errors="0">
  <testcase name="amzon" time="12.524" classname="testngpack.Testngexampl2"/>
  <testcase name="fb" time="14.758" classname="testngpack.Testngexampl2"/>
</testsuite> <!-- testngpack.Testngexampl2 -->
