<?xml version="1.0" encoding="UTF-8"?>
<!-- Generated by org.testng.reporters.JUnitReportReporter -->
<testsuite skipped="0" hostname="DESKTOP-CN3CBMR" name="testngpack.Prltest" tests="2" failures="0" timestamp="30 Aug 2021 16:17:35 GMT" time="24.175" errors="0">
  <testcase name="fb" time="8.043" classname="testngpack.Prltest"/>
  <testcase name="amaz" time="16.132" classname="testngpack.Prltest"/>
</testsuite> <!-- testngpack.Prltest -->
